SF:lib/config/app_config.dart
DA:6,4
DA:7,0
DA:8,2
DA:11,0
DA:14,0
DA:15,0
DA:16,0
DA:18,0
DA:19,0
DA:20,0
DA:23,0
DA:24,0
DA:25,0
DA:28,0
DA:29,0
DA:30,0
DA:33,0
DA:34,0
DA:37,0
DA:38,0
DA:41,0
DA:42,0
LF:22
LH:2
end_of_record
SF:lib/features/services/notification_service.dart
DA:18,0
DA:19,0
DA:27,0
DA:33,0
DA:41,0
DA:46,0
DA:54,0
DA:59,0
DA:67,0
DA:69,0
DA:75,1
DA:77,2
DA:78,0
DA:80,0
DA:81,0
DA:82,0
DA:84,0
DA:86,0
DA:88,0
DA:89,0
DA:94,0
DA:95,0
DA:96,0
DA:97,0
DA:99,0
DA:102,0
DA:105,0
DA:110,1
DA:112,1
DA:113,0
DA:114,0
DA:115,0
DA:116,0
DA:117,0
DA:119,0
DA:124,0
DA:126,0
DA:127,0
DA:129,0
DA:130,0
DA:131,0
DA:132,0
DA:137,0
DA:138,0
DA:141,0
DA:146,0
DA:148,0
DA:149,0
DA:151,0
DA:152,0
DA:153,0
DA:154,0
DA:159,0
DA:161,0
DA:162,0
DA:166,0
DA:167,0
DA:168,0
DA:173,0
DA:174,0
DA:175,0
DA:181,0
DA:183,0
DA:184,0
DA:186,0
DA:187,0
DA:188,0
DA:189,0
DA:194,0
DA:195,0
DA:198,0
DA:203,0
DA:205,0
DA:206,0
DA:208,0
DA:209,0
DA:210,0
DA:211,0
DA:216,0
DA:217,0
DA:218,0
DA:219,0
DA:220,0
DA:221,0
DA:222,0
DA:223,0
DA:224,0
DA:225,0
DA:230,0
DA:231,0
DA:232,0
DA:233,0
DA:234,0
DA:235,0
DA:236,0
DA:237,0
DA:238,0
DA:244,0
DA:245,0
DA:246,0
DA:247,0
DA:248,0
DA:249,0
DA:250,0
DA:251,0
DA:252,0
DA:259,0
DA:265,0
DA:266,0
DA:267,0
DA:268,0
DA:269,0
DA:270,0
DA:271,0
DA:273,0
DA:274,0
DA:276,0
DA:278,0
DA:283,0
DA:290,0
DA:291,0
DA:299,0
DA:306,0
DA:311,0
DA:317,0
DA:320,0
DA:325,0
DA:326,0
DA:327,0
DA:328,0
DA:331,0
DA:332,0
DA:333,0
DA:334,0
DA:336,0
DA:339,0
DA:340,0
DA:342,0
DA:349,0
DA:350,0
DA:351,0
DA:353,0
DA:354,0
DA:357,0
DA:359,0
DA:360,0
DA:363,0
DA:365,0
DA:366,0
DA:371,0
DA:372,0
DA:378,0
DA:380,0
DA:382,0
DA:384,0
DA:386,0
DA:394,0
DA:396,0
DA:398,0
DA:400,0
DA:402,0
DA:410,0
DA:412,0
DA:414,0
DA:416,0
DA:424,0
DA:431,0
DA:432,0
DA:434,0
DA:435,0
DA:436,0
DA:437,0
DA:441,0
DA:449,0
DA:450,0
DA:453,0
LF:176
LH:4
end_of_record
SF:lib/models/notification_item.dart
DA:6,0
DA:12,0
DA:13,0
DA:14,0
DA:15,0
DA:16,0
DA:20,0
DA:21,0
DA:22,0
DA:23,0
LF:10
LH:0
end_of_record
SF:lib/features/services/websocket_service.dart
DA:11,0
DA:12,0
DA:13,0
DA:32,0
DA:34,0
DA:37,0
DA:38,0
DA:42,0
DA:43,0
DA:46,0
DA:48,0
DA:53,0
DA:54,0
DA:57,0
DA:60,0
DA:61,0
DA:62,0
DA:67,0
DA:70,0
DA:71,0
DA:74,0
DA:77,0
DA:78,0
DA:79,0
DA:80,0
DA:83,0
DA:84,0
DA:85,0
DA:88,0
DA:90,0
DA:91,0
DA:93,0
DA:97,0
DA:98,0
DA:103,0
DA:104,0
DA:105,0
DA:106,0
DA:108,0
DA:110,0
DA:111,0
DA:118,0
DA:119,0
DA:123,0
DA:125,0
DA:126,0
DA:128,0
DA:130,0
DA:133,0
DA:135,0
DA:140,0
DA:141,0
DA:146,0
DA:148,0
DA:151,0
DA:155,0
DA:158,0
DA:159,0
DA:160,0
DA:162,0
DA:165,0
DA:166,0
DA:168,0
DA:171,0
DA:172,0
DA:174,0
DA:177,0
DA:178,0
DA:180,0
DA:183,0
DA:184,0
DA:186,0
DA:189,0
DA:190,0
DA:192,0
DA:193,0
DA:195,0
DA:196,0
DA:199,0
DA:205,0
DA:210,0
DA:211,0
DA:212,0
DA:213,0
DA:214,0
DA:218,0
DA:219,0
DA:220,0
DA:221,0
DA:222,0
DA:226,0
DA:227,0
DA:228,0
DA:232,0
DA:233,0
DA:234,0
DA:238,0
DA:239,0
DA:240,0
DA:241,0
DA:242,0
DA:243,0
DA:248,0
DA:249,0
DA:253,0
DA:254,0
DA:255,0
DA:258,0
DA:260,0
DA:263,0
DA:265,0
DA:267,0
DA:271,0
DA:272,0
DA:273,0
DA:277,0
DA:278,0
DA:279,0
DA:282,0
DA:284,0
DA:287,0
DA:289,0
DA:291,0
DA:295,0
DA:296,0
DA:297,0
DA:301,0
DA:302,0
DA:303,0
DA:306,0
DA:308,0
DA:313,0
DA:314,0
DA:315,0
DA:319,0
DA:320,0
DA:324,0
DA:325,0
DA:329,0
DA:331,0
DA:336,0
DA:337,0
DA:338,0
DA:342,0
DA:343,0
DA:347,0
DA:348,0
DA:352,0
DA:353,0
DA:357,0
DA:358,0
DA:362,0
DA:363,0
DA:367,0
DA:369,0
DA:370,0
DA:373,0
DA:374,0
DA:377,0
DA:378,0
DA:381,0
DA:382,0
DA:384,0
DA:386,0
DA:391,0
LF:165
LH:0
end_of_record
SF:lib/features/services/auth/api_service.dart
DA:7,0
DA:9,0
DA:10,0
DA:11,0
DA:14,0
DA:16,0
DA:17,0
DA:20,0
DA:23,0
DA:25,0
DA:26,0
DA:30,0
DA:31,0
DA:32,0
DA:40,0
DA:41,0
DA:42,0
DA:48,0
DA:50,0
DA:51,0
DA:54,0
DA:55,0
DA:59,0
DA:60,0
DA:61,0
DA:62,0
DA:63,0
DA:67,0
DA:68,0
DA:69,0
DA:71,0
DA:74,0
DA:76,0
DA:78,0
DA:82,0
DA:84,0
DA:86,0
DA:90,0
DA:91,0
DA:94,0
DA:97,0
DA:102,0
DA:103,0
DA:108,0
DA:109,0
DA:110,0
DA:111,0
DA:112,0
DA:120,0
DA:121,0
DA:123,0
DA:124,0
DA:125,0
DA:126,0
DA:131,0
DA:132,0
DA:133,0
DA:134,0
DA:136,0
DA:139,0
DA:142,0
LF:61
LH:0
end_of_record
